2023-03-09T22:19:30.121-05:00  INFO 12968 --- [http-nio-8080-exec-6] c.m.e.c.MainEmarketRestController        : show fav list
2023-03-09T22:19:30.122-05:00  INFO 12968 --- [http-nio-8080-exec-6] c.m.emarket.filterlogger.FilterLogger    : FINISHED PROCESSING : METHOD=GET; REQUESTURI=/emarket/fav/2; REQUEST PAYLOAD=; RESPONSE CODE=200; RESPONSE=[[],[]]; TIM TAKEN=6
2023-03-09T22:19:30.829-05:00  INFO 12968 --- [http-nio-8080-exec-8] c.m.e.c.MainEmarketRestController        : show mine list
2023-03-09T22:19:30.846-05:00  INFO 12968 --- [http-nio-8080-exec-8] c.m.emarket.filterlogger.FilterLogger    : FINISHED PROCESSING : METHOD=GET; REQUESTURI=/emarket/mine/2; REQUEST PAYLOAD=; RESPONSE CODE=200; RESPONSE=[[{"id":31,"make":"bmw","model":"x500","year":1998,"trim":"213","cond":"used","body_type":"Hatchback","trans":"manual","address":"MI dearborn","cost":120000,"mileage":159998,"other":"nice and good car","user":{"id":2,"name":"mss","password":"$2a$04$4F9cpdWTckmsJTl/v2PVD.suhkrjGG4HOvwAj2zy3P7Mvfww5TYIW","phone":"545-57857887","address":"TX Huston","email":"mss@yahoo.com"},"image":{"id":4,"url":"D:\\images\\cars\\31\\2022-corvette-3lt-gkz-colorizer.jpg"},"users":[]},{"id":33,"make":"mazda","model":"neon","year":2022,"trim":"A02","cond":"used","body_type":"Van","trans":"auto","address":"TX","cost":150000,"mileage":160000,"other":"nice car","user":{"id":2,"name":"mss","password":"$2a$04$4F9cpdWTckmsJTl/v2PVD.suhkrjGG4HOvwAj2zy3P7Mvfww5TYIW","phone":"545-57857887","address":"TX Huston","email":"mss@yahoo.com"},"image":{"id":6,"url":"D:\\images\\cars\\33\\images.jfif"},"users":[]}],[{"id":2,"bn":"123123","state":"TX","city":"dallas","street":"fairview","zip":"2345","area":1201,"bed":3,"cost":160000,"bath":2,"other":"nice house","fo":"sale","user":{"id":2,"name":"mss","password":"$2a$04$4F9cpdWTckmsJTl/v2PVD.suhkrjGG4HOvwAj2zy3P7Mvfww5TYIW","phone":"545-57857887","address":"TX Huston","email":"mss@yahoo.com"},"image":{"id":8,"url":"D:\\images\\houses\\2\\44207-b600.jpg"},"users":[{"id":1,"name":"fas","password":"$2a$04$uL9wBsJ4/WjQ2Wq0s/SaSuWhfR1lMqFNI.4RzR9j/wFBMiCPWew0i","phone":"313-75785678","address":"MI","email":"fas@yahoo.com"}]},{"id":5,"bn":"2345","state":"MI","city":"dearborn","street":"","zip":"3456","area":1200,"bed":3,"cost":12000,"bath":3,"other":"","fo":"rent","user":{"id":2,"name":"mss","password":"$2a$04$4F9cpdWTckmsJTl/v2PVD.suhkrjGG4HOvwAj2zy3P7Mvfww5TYIW","phone":"545-57857887","address":"TX Huston","email":"mss@yahoo.com"},"image":{"id":80,"url":"D:\\images\\houses\\25\\05.jpg"},"users":[]}]]; TIM TAKEN=32
2023-03-09T22:19:31.230-05:00  INFO 12968 --- [http-nio-8080-exec-1] c.m.emarket.filterlogger.FilterLogger    : FINISHED PROCESSING : METHOD=GET; REQUESTURI=/emarket/chechlikecar; REQUEST PAYLOAD=; RESPONSE CODE=200; RESPONSE=0; TIM TAKEN=7
2023-03-09T22:19:31.241-05:00  INFO 12968 --- [http-nio-8080-exec-10] c.m.emarket.filterlogger.FilterLogger    : FINISHED PROCESSING : METHOD=GET; REQUESTURI=/emarket/getimage/31/car; REQUEST PAYLOAD=; RESPONSE CODE=200; RESPONSE=this is image; TIM TAKEN=18
2023-03-09T22:19:31.241-05:00  INFO 12968 --- [http-nio-8080-exec-4] c.m.emarket.filterlogger.FilterLogger    : FINISHED PROCESSING : METHOD=GET; REQUESTURI=/emarket/getimage/5/house; REQUEST PAYLOAD=; RESPONSE CODE=200; RESPONSE=this is image; TIM TAKEN=15
2023-03-09T22:19:31.263-05:00  INFO 12968 --- [http-nio-8080-exec-2] c.m.emarket.filterlogger.FilterLogger    : FINISHED PROCESSING : METHOD=GET; REQUESTURI=/emarket/chechlikecar; REQUEST PAYLOAD=; RESPONSE CODE=200; RESPONSE=0; TIM TAKEN=7
2023-03-09T22:19:31.263-05:00  INFO 12968 --- [http-nio-8080-exec-9] c.m.emarket.filterlogger.FilterLogger    : FINISHED PROCESSING : METHOD=GET; REQUESTURI=/emarket/getimage/33/car; REQUEST PAYLOAD=; RESPONSE CODE=200; RESPONSE=this is image; TIM TAKEN=5
2023-03-09T22:19:31.264-05:00  INFO 12968 --- [http-nio-8080-exec-5] c.m.emarket.filterlogger.FilterLogger    : FINISHED PROCESSING : METHOD=GET; REQUESTURI=/emarket/getimage/2/house; REQUEST PAYLOAD=; RESPONSE CODE=200; RESPONSE=this is image; TIM TAKEN=7
2023-03-09T22:20:39.433-05:00  INFO 12968 --- [RMI TCP Connection(12)-127.0.0.1] inMXBeanRegistrar$SpringApplicationAdmin : Application shutdown requested.
2023-03-09T22:20:39.449-05:00  INFO 12968 --- [RMI TCP Connection(12)-127.0.0.1] o.apache.catalina.core.StandardService   : Stopping service [Tomcat]
2023-03-09T22:20:39.451-05:00  INFO 12968 --- [RMI TCP Connection(12)-127.0.0.1] o.a.c.c.C.[Tomcat].[localhost].[/]       : Destroying Spring FrameworkServlet 'dispatcherServlet'
2023-03-09T22:20:39.458-05:00  WARN 12968 --- [RMI TCP Connection(12)-127.0.0.1] o.a.c.loader.WebappClassLoaderBase       : The web application [ROOT] appears to have started a thread named [HikariPool-1 housekeeper] but has failed to stop it. This is very likely to create a memory leak. Stack trace of thread:
 java.base@17.0.5/jdk.internal.misc.Unsafe.park(Native Method)
 java.base@17.0.5/java.util.concurrent.locks.LockSupport.parkNanos(LockSupport.java:252)
 java.base@17.0.5/java.util.concurrent.locks.AbstractQueuedSynchronizer$ConditionObject.awaitNanos(AbstractQueuedSynchronizer.java:1672)
 java.base@17.0.5/java.util.concurrent.ScheduledThreadPoolExecutor$DelayedWorkQueue.take(ScheduledThreadPoolExecutor.java:1182)
 java.base@17.0.5/java.util.concurrent.ScheduledThreadPoolExecutor$DelayedWorkQueue.take(ScheduledThreadPoolExecutor.java:899)
 java.base@17.0.5/java.util.concurrent.ThreadPoolExecutor.getTask(ThreadPoolExecutor.java:1062)
 java.base@17.0.5/java.util.concurrent.ThreadPoolExecutor.runWorker(ThreadPoolExecutor.java:1122)
 java.base@17.0.5/java.util.concurrent.ThreadPoolExecutor$Worker.run(ThreadPoolExecutor.java:635)
 java.base@17.0.5/java.lang.Thread.run(Thread.java:833)
2023-03-09T22:20:39.468-05:00  INFO 12968 --- [RMI TCP Connection(12)-127.0.0.1] j.LocalContainerEntityManagerFactoryBean : Closing JPA EntityManagerFactory for persistence unit 'default'
2023-03-09T22:20:39.473-05:00  INFO 12968 --- [RMI TCP Connection(12)-127.0.0.1] com.zaxxer.hikari.HikariDataSource       : HikariPool-1 - Shutdown initiated...
2023-03-09T22:20:39.506-05:00  INFO 12968 --- [RMI TCP Connection(12)-127.0.0.1] com.zaxxer.hikari.HikariDataSource       : HikariPool-1 - Shutdown completed.
2023-03-09T22:23:40.675-05:00  INFO 11236 --- [main] com.mayyas.emarket.dao.CarReposTest      : Starting CarReposTest using Java 17.0.5 with PID 11236 (started by HP in D:\sts-projects\E-Market-back)
2023-03-09T22:23:40.676-05:00 DEBUG 11236 --- [main] com.mayyas.emarket.dao.CarReposTest      : Running with Spring Boot v3.0.2, Spring v6.0.4
2023-03-09T22:23:40.679-05:00  INFO 11236 --- [main] com.mayyas.emarket.dao.CarReposTest      : No active profile set, falling back to 1 default profile: "default"
2023-03-09T22:23:41.529-05:00  INFO 11236 --- [main] .s.d.r.c.RepositoryConfigurationDelegate : Bootstrapping Spring Data JPA repositories in DEFAULT mode.
2023-03-09T22:23:41.591-05:00  INFO 11236 --- [main] .s.d.r.c.RepositoryConfigurationDelegate : Finished Spring Data repository scanning in 51 ms. Found 5 JPA repository interfaces.
2023-03-09T22:23:42.150-05:00  INFO 11236 --- [main] o.hibernate.jpa.internal.util.LogHelper  : HHH000204: Processing PersistenceUnitInfo [name: default]
2023-03-09T22:23:42.219-05:00  INFO 11236 --- [main] org.hibernate.Version                    : HHH000412: Hibernate ORM core version 6.1.6.Final
2023-03-09T22:23:42.399-05:00  WARN 11236 --- [main] org.hibernate.orm.deprecation            : HHH90000021: Encountered deprecated setting [javax.persistence.sharedCache.mode], use [jakarta.persistence.sharedCache.mode] instead
2023-03-09T22:23:42.564-05:00  INFO 11236 --- [main] com.zaxxer.hikari.HikariDataSource       : HikariPool-1 - Starting...
2023-03-09T22:23:42.891-05:00  INFO 11236 --- [main] com.zaxxer.hikari.pool.HikariPool        : HikariPool-1 - Added connection com.mysql.cj.jdbc.ConnectionImpl@28fa541
2023-03-09T22:23:42.893-05:00  INFO 11236 --- [main] com.zaxxer.hikari.HikariDataSource       : HikariPool-1 - Start completed.
2023-03-09T22:23:42.960-05:00  INFO 11236 --- [main] SQL dialect                              : HHH000400: Using dialect: org.hibernate.dialect.MySQLDialect
2023-03-09T22:23:44.033-05:00  INFO 11236 --- [main] o.h.e.t.j.p.i.JtaPlatformInitiator       : HHH000490: Using JtaPlatform implementation: [org.hibernate.engine.transaction.jta.platform.internal.NoJtaPlatform]
2023-03-09T22:23:44.044-05:00  INFO 11236 --- [main] j.LocalContainerEntityManagerFactoryBean : Initialized JPA EntityManagerFactory for persistence unit 'default'
2023-03-09T22:23:44.886-05:00  WARN 11236 --- [main] JpaBaseConfiguration$JpaWebConfiguration : spring.jpa.open-in-view is enabled by default. Therefore, database queries may be performed during view rendering. Explicitly configure spring.jpa.open-in-view to disable this warning
2023-03-09T22:23:45.242-05:00  INFO 11236 --- [main] o.s.s.web.DefaultSecurityFilterChain     : Will secure any request with [org.springframework.security.web.session.DisableEncodeUrlFilter@70720b78, org.springframework.security.web.context.request.async.WebAsyncManagerIntegrationFilter@628f642d, org.springframework.security.web.context.SecurityContextHolderFilter@39a8c08f, org.springframework.security.web.header.HeaderWriterFilter@2c8469fe, org.springframework.security.web.authentication.logout.LogoutFilter@74cd82f1, com.mayyas.emarket.security.JWTAuthenticationFilter@5aefdb9e, org.springframework.security.web.savedrequest.RequestCacheAwareFilter@794b139b, org.springframework.security.web.servletapi.SecurityContextHolderAwareRequestFilter@77217c17, org.springframework.security.web.authentication.AnonymousAuthenticationFilter@355da59c, org.springframework.security.web.session.SessionManagementFilter@70c2a046, org.springframework.security.web.access.ExceptionTranslationFilter@8616368, org.springframework.security.web.access.intercept.AuthorizationFilter@5f59b6c5]
2023-03-09T22:23:45.609-05:00  INFO 11236 --- [main] com.mayyas.emarket.dao.CarReposTest      : Started CarReposTest in 5.252 seconds (process running for 6.573)
2023-03-09T22:23:46.293-05:00  INFO 11236 --- [SpringApplicationShutdownHook] j.LocalContainerEntityManagerFactoryBean : Closing JPA EntityManagerFactory for persistence unit 'default'
2023-03-09T22:23:46.300-05:00  INFO 11236 --- [SpringApplicationShutdownHook] com.zaxxer.hikari.HikariDataSource       : HikariPool-1 - Shutdown initiated...
2023-03-09T22:23:46.310-05:00  INFO 11236 --- [SpringApplicationShutdownHook] com.zaxxer.hikari.HikariDataSource       : HikariPool-1 - Shutdown completed.
2023-03-09T22:23:55.109-05:00  INFO 13628 --- [main] com.mayyas.emarket.dao.HouseReposTest    : Starting HouseReposTest using Java 17.0.5 with PID 13628 (started by HP in D:\sts-projects\E-Market-back)
2023-03-09T22:23:55.110-05:00 DEBUG 13628 --- [main] com.mayyas.emarket.dao.HouseReposTest    : Running with Spring Boot v3.0.2, Spring v6.0.4
2023-03-09T22:23:55.112-05:00  INFO 13628 --- [main] com.mayyas.emarket.dao.HouseReposTest    : No active profile set, falling back to 1 default profile: "default"
2023-03-09T22:23:55.862-05:00  INFO 13628 --- [main] .s.d.r.c.RepositoryConfigurationDelegate : Bootstrapping Spring Data JPA repositories in DEFAULT mode.
2023-03-09T22:23:55.974-05:00  INFO 13628 --- [main] .s.d.r.c.RepositoryConfigurationDelegate : Finished Spring Data repository scanning in 78 ms. Found 5 JPA repository interfaces.
2023-03-09T22:23:56.512-05:00  INFO 13628 --- [main] o.hibernate.jpa.internal.util.LogHelper  : HHH000204: Processing PersistenceUnitInfo [name: default]
2023-03-09T22:23:56.564-05:00  INFO 13628 --- [main] org.hibernate.Version                    : HHH000412: Hibernate ORM core version 6.1.6.Final
2023-03-09T22:23:56.711-05:00  WARN 13628 --- [main] org.hibernate.orm.deprecation            : HHH90000021: Encountered deprecated setting [javax.persistence.sharedCache.mode], use [jakarta.persistence.sharedCache.mode] instead
2023-03-09T22:23:56.864-05:00  INFO 13628 --- [main] com.zaxxer.hikari.HikariDataSource       : HikariPool-1 - Starting...
2023-03-09T22:23:57.211-05:00  INFO 13628 --- [main] com.zaxxer.hikari.pool.HikariPool        : HikariPool-1 - Added connection com.mysql.cj.jdbc.ConnectionImpl@70c56434
2023-03-09T22:23:57.215-05:00  INFO 13628 --- [main] com.zaxxer.hikari.HikariDataSource       : HikariPool-1 - Start completed.
2023-03-09T22:23:57.284-05:00  INFO 13628 --- [main] SQL dialect                              : HHH000400: Using dialect: org.hibernate.dialect.MySQLDialect
2023-03-09T22:23:58.264-05:00  INFO 13628 --- [main] o.h.e.t.j.p.i.JtaPlatformInitiator       : HHH000490: Using JtaPlatform implementation: [org.hibernate.engine.transaction.jta.platform.internal.NoJtaPlatform]
2023-03-09T22:23:58.271-05:00  INFO 13628 --- [main] j.LocalContainerEntityManagerFactoryBean : Initialized JPA EntityManagerFactory for persistence unit 'default'
2023-03-09T22:23:59.070-05:00  WARN 13628 --- [main] JpaBaseConfiguration$JpaWebConfiguration : spring.jpa.open-in-view is enabled by default. Therefore, database queries may be performed during view rendering. Explicitly configure spring.jpa.open-in-view to disable this warning
2023-03-09T22:23:59.392-05:00  INFO 13628 --- [main] o.s.s.web.DefaultSecurityFilterChain     : Will secure any request with [org.springframework.security.web.session.DisableEncodeUrlFilter@78626209, org.springframework.security.web.context.request.async.WebAsyncManagerIntegrationFilter@7b9b244e, org.springframework.security.web.context.SecurityContextHolderFilter@1ccdbae4, org.springframework.security.web.header.HeaderWriterFilter@7bb50747, org.springframework.security.web.authentication.logout.LogoutFilter@14237e5, com.mayyas.emarket.security.JWTAuthenticationFilter@6046fba0, org.springframework.security.web.savedrequest.RequestCacheAwareFilter@10bae3c0, org.springframework.security.web.servletapi.SecurityContextHolderAwareRequestFilter@6dae5562, org.springframework.security.web.authentication.AnonymousAuthenticationFilter@996126b, org.springframework.security.web.session.SessionManagementFilter@547aa7f4, org.springframework.security.web.access.ExceptionTranslationFilter@3f563397, org.springframework.security.web.access.intercept.AuthorizationFilter@8616368]
2023-03-09T22:23:59.783-05:00  INFO 13628 --- [main] com.mayyas.emarket.dao.HouseReposTest    : Started HouseReposTest in 5.002 seconds (process running for 6.211)
2023-03-09T22:24:00.356-05:00  INFO 13628 --- [SpringApplicationShutdownHook] j.LocalContainerEntityManagerFactoryBean : Closing JPA EntityManagerFactory for persistence unit 'default'
2023-03-09T22:24:00.360-05:00  INFO 13628 --- [SpringApplicationShutdownHook] com.zaxxer.hikari.HikariDataSource       : HikariPool-1 - Shutdown initiated...
2023-03-09T22:24:00.374-05:00  INFO 13628 --- [SpringApplicationShutdownHook] com.zaxxer.hikari.HikariDataSource       : HikariPool-1 - Shutdown completed.
2023-03-09T22:24:10.706-05:00  INFO 3320 --- [main] com.mayyas.emarket.dao.UserReposTest     : Starting UserReposTest using Java 17.0.5 with PID 3320 (started by HP in D:\sts-projects\E-Market-back)
2023-03-09T22:24:10.707-05:00 DEBUG 3320 --- [main] com.mayyas.emarket.dao.UserReposTest     : Running with Spring Boot v3.0.2, Spring v6.0.4
2023-03-09T22:24:10.709-05:00  INFO 3320 --- [main] com.mayyas.emarket.dao.UserReposTest     : No active profile set, falling back to 1 default profile: "default"
2023-03-09T22:24:11.441-05:00  INFO 3320 --- [main] .s.d.r.c.RepositoryConfigurationDelegate : Bootstrapping Spring Data JPA repositories in DEFAULT mode.
2023-03-09T22:24:11.540-05:00  INFO 3320 --- [main] .s.d.r.c.RepositoryConfigurationDelegate : Finished Spring Data repository scanning in 85 ms. Found 5 JPA repository interfaces.
2023-03-09T22:24:12.128-05:00  INFO 3320 --- [main] o.hibernate.jpa.internal.util.LogHelper  : HHH000204: Processing PersistenceUnitInfo [name: default]
2023-03-09T22:24:12.188-05:00  INFO 3320 --- [main] org.hibernate.Version                    : HHH000412: Hibernate ORM core version 6.1.6.Final
2023-03-09T22:24:12.347-05:00  WARN 3320 --- [main] org.hibernate.orm.deprecation            : HHH90000021: Encountered deprecated setting [javax.persistence.sharedCache.mode], use [jakarta.persistence.sharedCache.mode] instead
2023-03-09T22:24:12.487-05:00  INFO 3320 --- [main] com.zaxxer.hikari.HikariDataSource       : HikariPool-1 - Starting...
2023-03-09T22:24:12.822-05:00  INFO 3320 --- [main] com.zaxxer.hikari.pool.HikariPool        : HikariPool-1 - Added connection com.mysql.cj.jdbc.ConnectionImpl@a03529c
2023-03-09T22:24:12.825-05:00  INFO 3320 --- [main] com.zaxxer.hikari.HikariDataSource       : HikariPool-1 - Start completed.
2023-03-09T22:24:12.882-05:00  INFO 3320 --- [main] SQL dialect                              : HHH000400: Using dialect: org.hibernate.dialect.MySQLDialect
2023-03-09T22:24:13.931-05:00  INFO 3320 --- [main] o.h.e.t.j.p.i.JtaPlatformInitiator       : HHH000490: Using JtaPlatform implementation: [org.hibernate.engine.transaction.jta.platform.internal.NoJtaPlatform]
2023-03-09T22:24:13.949-05:00  INFO 3320 --- [main] j.LocalContainerEntityManagerFactoryBean : Initialized JPA EntityManagerFactory for persistence unit 'default'
2023-03-09T22:24:14.805-05:00  WARN 3320 --- [main] JpaBaseConfiguration$JpaWebConfiguration : spring.jpa.open-in-view is enabled by default. Therefore, database queries may be performed during view rendering. Explicitly configure spring.jpa.open-in-view to disable this warning
2023-03-09T22:24:15.112-05:00  INFO 3320 --- [main] o.s.s.web.DefaultSecurityFilterChain     : Will secure any request with [org.springframework.security.web.session.DisableEncodeUrlFilter@5713e35f, org.springframework.security.web.context.request.async.WebAsyncManagerIntegrationFilter@1f40bb80, org.springframework.security.web.context.SecurityContextHolderFilter@24090832, org.springframework.security.web.header.HeaderWriterFilter@5ed1bc4f, org.springframework.security.web.authentication.logout.LogoutFilter@c4fc610, com.mayyas.emarket.security.JWTAuthenticationFilter@532e00bd, org.springframework.security.web.savedrequest.RequestCacheAwareFilter@79408109, org.springframework.security.web.servletapi.SecurityContextHolderAwareRequestFilter@33671907, org.springframework.security.web.authentication.AnonymousAuthenticationFilter@c42ee90, org.springframework.security.web.session.SessionManagementFilter@4ec28534, org.springframework.security.web.access.ExceptionTranslationFilter@682fc714, org.springframework.security.web.access.intercept.AuthorizationFilter@4f50e974]
2023-03-09T22:24:15.479-05:00  INFO 3320 --- [main] com.mayyas.emarket.dao.UserReposTest     : Started UserReposTest in 5.09 seconds (process running for 6.207)
2023-03-09T22:24:16.159-05:00  INFO 3320 --- [SpringApplicationShutdownHook] j.LocalContainerEntityManagerFactoryBean : Closing JPA EntityManagerFactory for persistence unit 'default'
2023-03-09T22:24:16.164-05:00  INFO 3320 --- [SpringApplicationShutdownHook] com.zaxxer.hikari.HikariDataSource       : HikariPool-1 - Shutdown initiated...
2023-03-09T22:24:16.181-05:00  INFO 3320 --- [SpringApplicationShutdownHook] com.zaxxer.hikari.HikariDataSource       : HikariPool-1 - Shutdown completed.
2023-03-09T22:24:51.554-05:00  INFO 3400 --- [main] c.m.e.Service.UpdatePasswordServiceTest  : Starting UpdatePasswordServiceTest using Java 17.0.5 with PID 3400 (started by HP in D:\sts-projects\E-Market-back)
2023-03-09T22:24:51.560-05:00 DEBUG 3400 --- [main] c.m.e.Service.UpdatePasswordServiceTest  : Running with Spring Boot v3.0.2, Spring v6.0.4
2023-03-09T22:24:51.562-05:00  INFO 3400 --- [main] c.m.e.Service.UpdatePasswordServiceTest  : No active profile set, falling back to 1 default profile: "default"
2023-03-09T22:24:52.328-05:00  INFO 3400 --- [main] .s.d.r.c.RepositoryConfigurationDelegate : Bootstrapping Spring Data JPA repositories in DEFAULT mode.
2023-03-09T22:24:52.405-05:00  INFO 3400 --- [main] .s.d.r.c.RepositoryConfigurationDelegate : Finished Spring Data repository scanning in 63 ms. Found 5 JPA repository interfaces.
2023-03-09T22:24:52.947-05:00  INFO 3400 --- [main] o.hibernate.jpa.internal.util.LogHelper  : HHH000204: Processing PersistenceUnitInfo [name: default]
2023-03-09T22:24:52.992-05:00  INFO 3400 --- [main] org.hibernate.Version                    : HHH000412: Hibernate ORM core version 6.1.6.Final
2023-03-09T22:24:53.160-05:00  WARN 3400 --- [main] org.hibernate.orm.deprecation            : HHH90000021: Encountered deprecated setting [javax.persistence.sharedCache.mode], use [jakarta.persistence.sharedCache.mode] instead
2023-03-09T22:24:53.313-05:00  INFO 3400 --- [main] com.zaxxer.hikari.HikariDataSource       : HikariPool-1 - Starting...
2023-03-09T22:24:53.634-05:00  INFO 3400 --- [main] com.zaxxer.hikari.pool.HikariPool        : HikariPool-1 - Added connection com.mysql.cj.jdbc.ConnectionImpl@41be8db9
2023-03-09T22:24:53.640-05:00  INFO 3400 --- [main] com.zaxxer.hikari.HikariDataSource       : HikariPool-1 - Start completed.
2023-03-09T22:24:53.704-05:00  INFO 3400 --- [main] SQL dialect                              : HHH000400: Using dialect: org.hibernate.dialect.MySQLDialect
2023-03-09T22:24:54.699-05:00  INFO 3400 --- [main] o.h.e.t.j.p.i.JtaPlatformInitiator       : HHH000490: Using JtaPlatform implementation: [org.hibernate.engine.transaction.jta.platform.internal.NoJtaPlatform]
2023-03-09T22:24:54.709-05:00  INFO 3400 --- [main] j.LocalContainerEntityManagerFactoryBean : Initialized JPA EntityManagerFactory for persistence unit 'default'
2023-03-09T22:24:55.588-05:00  WARN 3400 --- [main] JpaBaseConfiguration$JpaWebConfiguration : spring.jpa.open-in-view is enabled by default. Therefore, database queries may be performed during view rendering. Explicitly configure spring.jpa.open-in-view to disable this warning
2023-03-09T22:24:55.921-05:00  INFO 3400 --- [main] o.s.s.web.DefaultSecurityFilterChain     : Will secure any request with [org.springframework.security.web.session.DisableEncodeUrlFilter@632a7680, org.springframework.security.web.context.request.async.WebAsyncManagerIntegrationFilter@66e5441e, org.springframework.security.web.context.SecurityContextHolderFilter@4f50e974, org.springframework.security.web.header.HeaderWriterFilter@14237e5, org.springframework.security.web.authentication.logout.LogoutFilter@77d03738, com.mayyas.emarket.security.JWTAuthenticationFilter@22fe90df, org.springframework.security.web.savedrequest.RequestCacheAwareFilter@6223dbed, org.springframework.security.web.servletapi.SecurityContextHolderAwareRequestFilter@5713e35f, org.springframework.security.web.authentication.AnonymousAuthenticationFilter@1df77353, org.springframework.security.web.session.SessionManagementFilter@996126b, org.springframework.security.web.access.ExceptionTranslationFilter@44046b0d, org.springframework.security.web.access.intercept.AuthorizationFilter@51aa8c0f]
2023-03-09T22:24:56.290-05:00  INFO 3400 --- [main] c.m.e.Service.UpdatePasswordServiceTest  : Started UpdatePasswordServiceTest in 5.058 seconds (process running for 6.661)
2023-03-09T22:24:56.748-05:00  INFO 3400 --- [SpringApplicationShutdownHook] j.LocalContainerEntityManagerFactoryBean : Closing JPA EntityManagerFactory for persistence unit 'default'
2023-03-09T22:24:56.753-05:00  INFO 3400 --- [SpringApplicationShutdownHook] com.zaxxer.hikari.HikariDataSource       : HikariPool-1 - Shutdown initiated...
2023-03-09T22:24:56.773-05:00  INFO 3400 --- [SpringApplicationShutdownHook] com.zaxxer.hikari.HikariDataSource       : HikariPool-1 - Shutdown completed.
2023-03-09T22:49:30.461-05:00  INFO 12356 --- [main] com.mayyas.emarket.EMarketApplication    : Starting EMarketApplication using Java 17.0.5 with PID 12356 (D:\sts-projects\E-Market-back\target\classes started by HP in D:\sts-projects\E-Market-back)
2023-03-09T22:49:30.464-05:00 DEBUG 12356 --- [main] com.mayyas.emarket.EMarketApplication    : Running with Spring Boot v3.0.2, Spring v6.0.4
2023-03-09T22:49:30.466-05:00  INFO 12356 --- [main] com.mayyas.emarket.EMarketApplication    : No active profile set, falling back to 1 default profile: "default"
2023-03-09T22:49:31.267-05:00  INFO 12356 --- [main] .s.d.r.c.RepositoryConfigurationDelegate : Bootstrapping Spring Data JPA repositories in DEFAULT mode.
2023-03-09T22:49:31.326-05:00  INFO 12356 --- [main] .s.d.r.c.RepositoryConfigurationDelegate : Finished Spring Data repository scanning in 49 ms. Found 5 JPA repository interfaces.
2023-03-09T22:49:31.791-05:00  INFO 12356 --- [main] o.s.b.w.embedded.tomcat.TomcatWebServer  : Tomcat initialized with port(s): 8080 (http)
2023-03-09T22:49:31.802-05:00  INFO 12356 --- [main] o.apache.catalina.core.StandardService   : Starting service [Tomcat]
2023-03-09T22:49:31.802-05:00  INFO 12356 --- [main] o.apache.catalina.core.StandardEngine    : Starting Servlet engine: [Apache Tomcat/10.1.5]
2023-03-09T22:49:31.935-05:00  INFO 12356 --- [main] o.a.c.c.C.[Tomcat].[localhost].[/]       : Initializing Spring embedded WebApplicationContext
2023-03-09T22:49:31.944-05:00  INFO 12356 --- [main] w.s.c.ServletWebServerApplicationContext : Root WebApplicationContext: initialization completed in 1391 ms
2023-03-09T22:49:32.122-05:00  INFO 12356 --- [main] o.hibernate.jpa.internal.util.LogHelper  : HHH000204: Processing PersistenceUnitInfo [name: default]
2023-03-09T22:49:32.215-05:00  INFO 12356 --- [main] org.hibernate.Version                    : HHH000412: Hibernate ORM core version 6.1.6.Final
2023-03-09T22:49:32.463-05:00  WARN 12356 --- [main] org.hibernate.orm.deprecation            : HHH90000021: Encountered deprecated setting [javax.persistence.sharedCache.mode], use [jakarta.persistence.sharedCache.mode] instead
2023-03-09T22:49:32.598-05:00  INFO 12356 --- [main] com.zaxxer.hikari.HikariDataSource       : HikariPool-1 - Starting...
2023-03-09T22:49:32.881-05:00  INFO 12356 --- [main] com.zaxxer.hikari.pool.HikariPool        : HikariPool-1 - Added connection com.mysql.cj.jdbc.ConnectionImpl@21abda60
2023-03-09T22:49:32.884-05:00  INFO 12356 --- [main] com.zaxxer.hikari.HikariDataSource       : HikariPool-1 - Start completed.
2023-03-09T22:49:32.955-05:00  INFO 12356 --- [main] SQL dialect                              : HHH000400: Using dialect: org.hibernate.dialect.MySQLDialect
2023-03-09T22:49:33.814-05:00  INFO 12356 --- [main] o.h.e.t.j.p.i.JtaPlatformInitiator       : HHH000490: Using JtaPlatform implementation: [org.hibernate.engine.transaction.jta.platform.internal.NoJtaPlatform]
2023-03-09T22:49:33.823-05:00  INFO 12356 --- [main] j.LocalContainerEntityManagerFactoryBean : Initialized JPA EntityManagerFactory for persistence unit 'default'
2023-03-09T22:49:34.191-05:00 DEBUG 12356 --- [main] c.m.emarket.filterlogger.FilterLogger    : Filter 'filterLogger' configured for use
2023-03-09T22:49:34.192-05:00 DEBUG 12356 --- [main] c.m.e.security.JWTAuthenticationFilter   : Filter 'JWTAuthenticationFilter' configured for use
2023-03-09T22:49:34.506-05:00  WARN 12356 --- [main] JpaBaseConfiguration$JpaWebConfiguration : spring.jpa.open-in-view is enabled by default. Therefore, database queries may be performed during view rendering. Explicitly configure spring.jpa.open-in-view to disable this warning
2023-03-09T22:49:34.728-05:00  INFO 12356 --- [main] o.s.s.web.DefaultSecurityFilterChain     : Will secure any request with [org.springframework.security.web.session.DisableEncodeUrlFilter@19cad9f0, org.springframework.security.web.context.request.async.WebAsyncManagerIntegrationFilter@4cce421e, org.springframework.security.web.context.SecurityContextHolderFilter@1902ad0f, org.springframework.security.web.header.HeaderWriterFilter@4f50e974, org.springframework.security.web.authentication.logout.LogoutFilter@79122f5f, com.mayyas.emarket.security.JWTAuthenticationFilter@571903ff, org.springframework.security.web.savedrequest.RequestCacheAwareFilter@7e6025c9, org.springframework.security.web.servletapi.SecurityContextHolderAwareRequestFilter@63bb52ea, org.springframework.security.web.authentication.AnonymousAuthenticationFilter@3681c285, org.springframework.security.web.session.SessionManagementFilter@77217c17, org.springframework.security.web.access.ExceptionTranslationFilter@6d2413e, org.springframework.security.web.access.intercept.AuthorizationFilter@381db99e]
2023-03-09T22:49:34.941-05:00  INFO 12356 --- [main] o.s.b.w.embedded.tomcat.TomcatWebServer  : Tomcat started on port(s): 8080 (http) with context path ''
2023-03-09T22:49:34.949-05:00  INFO 12356 --- [main] com.mayyas.emarket.EMarketApplication    : Started EMarketApplication in 4.777 seconds (process running for 5.408)
2023-03-09T22:49:40.627-05:00  INFO 12356 --- [http-nio-8080-exec-2] o.a.c.c.C.[Tomcat].[localhost].[/]       : Initializing Spring DispatcherServlet 'dispatcherServlet'
2023-03-09T22:49:40.628-05:00  INFO 12356 --- [http-nio-8080-exec-2] o.s.web.servlet.DispatcherServlet        : Initializing Servlet 'dispatcherServlet'
2023-03-09T22:49:40.629-05:00  INFO 12356 --- [http-nio-8080-exec-2] o.s.web.servlet.DispatcherServlet        : Completed initialization in 1 ms
2023-03-09T22:49:40.815-05:00 DEBUG 12356 --- [http-nio-8080-exec-2] c.m.e.c.MainEmarketRestController        : $2a$04$U5A9zBbSgMUF/sY1YyFf6.1ZGf0h/j2Mf4R7xhRjXadwLPAHrAIGC
2023-03-09T22:49:40.892-05:00  INFO 12356 --- [http-nio-8080-exec-2] c.m.emarket.filterlogger.FilterLogger    : FINISHED PROCESSING : METHOD=POST; REQUESTURI=/emarket/adduser; REQUEST PAYLOAD={"name":"mayyas","email":"mayyas@yahoo.com","password":"8888","address":"MI","phone":"313-9898"}; RESPONSE CODE=201; RESPONSE={"id":32,"name":"mayyas","password":"$2a$04$U5A9zBbSgMUF/sY1YyFf6.1ZGf0h/j2Mf4R7xhRjXadwLPAHrAIGC","phone":"313-9898","address":"MI","email":"mayyas@yahoo.com"}; TIM TAKEN=240
2023-03-09T22:49:40.939-05:00 DEBUG 12356 --- [http-nio-8080-exec-1] com.mayyas.emarket.security.JWTService   : token created
2023-03-09T22:49:40.965-05:00  INFO 12356 --- [http-nio-8080-exec-1] c.m.emarket.filterlogger.FilterLogger    : FINISHED PROCESSING : METHOD=POST; REQUESTURI=/emarket/signin; REQUEST PAYLOAD={"email":"mayyas@yahoo.com","password":"8888"}; RESPONSE CODE=200; RESPONSE={"id":"32","token":"eyJhbGciOiJIUzI1NiJ9.eyJzdWIiOiJtYXl5YXNAeWFob28uY29tIiwiaWF0IjoxNjc4NDIwMTgwLCJleHAiOjE2Nzg0MjE5ODB9.BPoa76L7r_cBycENPUCUGmrFM3wsVrO_4Td07lG3C8Q"}; TIM TAKEN=60
2023-03-09T22:49:41.399-05:00  INFO 12356 --- [http-nio-8080-exec-3] c.m.e.c.MainEmarketRestController        : show mine list
2023-03-09T22:49:41.405-05:00  INFO 12356 --- [http-nio-8080-exec-3] c.m.emarket.filterlogger.FilterLogger    : FINISHED PROCESSING : METHOD=GET; REQUESTURI=/emarket/mine/32; REQUEST PAYLOAD=; RESPONSE CODE=200; RESPONSE=[[],[]]; TIM TAKEN=28
2023-03-09T22:49:53.043-05:00 DEBUG 12356 --- [http-nio-8080-exec-5] c.m.e.c.MainEmarketRestController        : check user auth to add car
2023-03-09T22:49:53.046-05:00  INFO 12356 --- [http-nio-8080-exec-5] c.m.emarket.filterlogger.FilterLogger    : FINISHED PROCESSING : METHOD=GET; REQUESTURI=/emarket/checkaddc; REQUEST PAYLOAD=; RESPONSE CODE=200; RESPONSE=; TIM TAKEN=4
2023-03-09T22:50:58.506-05:00  INFO 12356 --- [http-nio-8080-exec-4] c.m.e.c.MainEmarketRestController        : add car
2023-03-09T22:50:58.517-05:00  INFO 12356 --- [http-nio-8080-exec-4] c.m.emarket.filterlogger.FilterLogger    : FINISHED PROCESSING : METHOD=POST; REQUESTURI=/emarket/addcar/32; REQUEST PAYLOAD={"make":"honda","model":"civic","year":"2009","cond":"used","body_type":"Sedan","trans":"manual","cost":"21000","mileage":"199999","other":"good car","trim":"23w","address":"MI"}; RESPONSE CODE=201; RESPONSE={"id":82,"make":"honda","model":"civic","year":2009,"trim":"23w","cond":"used","body_type":"Sedan","trans":"manual","address":"MI","cost":21000,"mileage":199999,"other":"good car","user":{"id":32,"name":"mayyas","password":"$2a$04$U5A9zBbSgMUF/sY1YyFf6.1ZGf0h/j2Mf4R7xhRjXadwLPAHrAIGC","phone":"313-9898","address":"MI","email":"mayyas@yahoo.com"},"image":{"id":81,"url":"x"},"users":[]}; TIM TAKEN=78
2023-03-09T22:50:58.729-05:00  INFO 12356 --- [http-nio-8080-exec-6] c.mayyas.emarket.service.ImageService    : \images\cars\82\0x0 (1).jpg
2023-03-09T22:50:58.752-05:00  INFO 12356 --- [http-nio-8080-exec-6] c.m.emarket.filterlogger.FilterLogger    : FINISHED PROCESSING : METHOD=POST; REQUESTURI=/emarket/addimage; REQUEST PAYLOAD=; RESPONSE CODE=200; RESPONSE=done; TIM TAKEN=61
2023-03-09T22:50:58.888-05:00  INFO 12356 --- [http-nio-8080-exec-7] c.m.e.c.MainEmarketRestController        : show mine list
2023-03-09T22:50:58.898-05:00  INFO 12356 --- [http-nio-8080-exec-7] c.m.emarket.filterlogger.FilterLogger    : FINISHED PROCESSING : METHOD=GET; REQUESTURI=/emarket/mine/32; REQUEST PAYLOAD=; RESPONSE CODE=200; RESPONSE=[[{"id":82,"make":"honda","model":"civic","year":2009,"trim":"23w","cond":"used","body_type":"Sedan","trans":"manual","address":"MI","cost":21000,"mileage":199999,"other":"good car","user":{"id":32,"name":"mayyas","password":"$2a$04$U5A9zBbSgMUF/sY1YyFf6.1ZGf0h/j2Mf4R7xhRjXadwLPAHrAIGC","phone":"313-9898","address":"MI","email":"mayyas@yahoo.com"},"image":{"id":81,"url":"D:\\images\\cars\\82\\0x0 (1).jpg"},"users":[]}],[]]; TIM TAKEN=27
2023-03-09T22:51:00.388-05:00  INFO 12356 --- [http-nio-8080-exec-8] c.m.emarket.filterlogger.FilterLogger    : FINISHED PROCESSING : METHOD=GET; REQUESTURI=/emarket/getcarowner/82; REQUEST PAYLOAD=; RESPONSE CODE=200; RESPONSE={"id":32,"name":"mayyas","password":"$2a$04$U5A9zBbSgMUF/sY1YyFf6.1ZGf0h/j2Mf4R7xhRjXadwLPAHrAIGC","phone":"313-9898","address":"MI","email":"mayyas@yahoo.com"}; TIM TAKEN=9
2023-03-09T22:51:00.731-05:00  INFO 12356 --- [http-nio-8080-exec-2] c.m.emarket.filterlogger.FilterLogger    : FINISHED PROCESSING : METHOD=GET; REQUESTURI=/emarket/getcarowner/82; REQUEST PAYLOAD=; RESPONSE CODE=200; RESPONSE={"id":32,"name":"mayyas","password":"$2a$04$U5A9zBbSgMUF/sY1YyFf6.1ZGf0h/j2Mf4R7xhRjXadwLPAHrAIGC","phone":"313-9898","address":"MI","email":"mayyas@yahoo.com"}; TIM TAKEN=9
2023-03-09T22:51:00.743-05:00  INFO 12356 --- [http-nio-8080-exec-9] c.m.emarket.filterlogger.FilterLogger    : FINISHED PROCESSING : METHOD=GET; REQUESTURI=/emarket/chechlikecar; REQUEST PAYLOAD=; RESPONSE CODE=200; RESPONSE=0; TIM TAKEN=12
2023-03-09T22:51:00.798-05:00  INFO 12356 --- [http-nio-8080-exec-1] c.m.emarket.filterlogger.FilterLogger    : FINISHED PROCESSING : METHOD=GET; REQUESTURI=/emarket/getcarowner/82; REQUEST PAYLOAD=; RESPONSE CODE=200; RESPONSE={"id":32,"name":"mayyas","password":"$2a$04$U5A9zBbSgMUF/sY1YyFf6.1ZGf0h/j2Mf4R7xhRjXadwLPAHrAIGC","phone":"313-9898","address":"MI","email":"mayyas@yahoo.com"}; TIM TAKEN=6
2023-03-09T22:51:00.808-05:00  INFO 12356 --- [http-nio-8080-exec-10] c.m.emarket.filterlogger.FilterLogger    : FINISHED PROCESSING : METHOD=GET; REQUESTURI=/emarket/getimage/82/car; REQUEST PAYLOAD=; RESPONSE CODE=200; RESPONSE=this is image; TIM TAKEN=81
2023-03-09T22:51:00.831-05:00  INFO 12356 --- [http-nio-8080-exec-3] c.m.emarket.filterlogger.FilterLogger    : FINISHED PROCESSING : METHOD=GET; REQUESTURI=/emarket/getcarowner/82; REQUEST PAYLOAD=; RESPONSE CODE=200; RESPONSE={"id":32,"name":"mayyas","password":"$2a$04$U5A9zBbSgMUF/sY1YyFf6.1ZGf0h/j2Mf4R7xhRjXadwLPAHrAIGC","phone":"313-9898","address":"MI","email":"mayyas@yahoo.com"}; TIM TAKEN=5
2023-03-09T22:51:00.900-05:00  INFO 12356 --- [http-nio-8080-exec-5] c.m.emarket.filterlogger.FilterLogger    : FINISHED PROCESSING : METHOD=GET; REQUESTURI=/emarket/getcarowner/82; REQUEST PAYLOAD=; RESPONSE CODE=200; RESPONSE={"id":32,"name":"mayyas","password":"$2a$04$U5A9zBbSgMUF/sY1YyFf6.1ZGf0h/j2Mf4R7xhRjXadwLPAHrAIGC","phone":"313-9898","address":"MI","email":"mayyas@yahoo.com"}; TIM TAKEN=5
2023-03-09T22:51:01.237-05:00  INFO 12356 --- [http-nio-8080-exec-4] c.m.emarket.filterlogger.FilterLogger    : FINISHED PROCESSING : METHOD=GET; REQUESTURI=/emarket/getcarowner/82; REQUEST PAYLOAD=; RESPONSE CODE=200; RESPONSE={"id":32,"name":"mayyas","password":"$2a$04$U5A9zBbSgMUF/sY1YyFf6.1ZGf0h/j2Mf4R7xhRjXadwLPAHrAIGC","phone":"313-9898","address":"MI","email":"mayyas@yahoo.com"}; TIM TAKEN=9
2023-03-09T22:52:04.073-05:00  INFO 12356 --- [http-nio-8080-exec-6] c.m.emarket.filterlogger.FilterLogger    : FINISHED PROCESSING : METHOD=GET; REQUESTURI=/emarket/getid/eyJhbGciOiJIUzI1NiJ9.eyJzdWIiOiJtYXl5YXNAeWFob28uY29tIiwiaWF0IjoxNjc4NDIwMTgwLCJleHAiOjE2Nzg0MjE5ODB9.BPoa76L7r_cBycENPUCUGmrFM3wsVrO_4Td07lG3C8Q; REQUEST PAYLOAD=; RESPONSE CODE=200; RESPONSE={"id":"32"}; TIM TAKEN=26
2023-03-09T22:52:04.144-05:00  INFO 12356 --- [http-nio-8080-exec-7] c.m.e.c.MainEmarketRestController        : show mine list
2023-03-09T22:52:04.146-05:00  INFO 12356 --- [http-nio-8080-exec-7] c.m.emarket.filterlogger.FilterLogger    : FINISHED PROCESSING : METHOD=GET; REQUESTURI=/emarket/mine/32; REQUEST PAYLOAD=; RESPONSE CODE=200; RESPONSE=[[{"id":82,"make":"honda","model":"civic","year":2009,"trim":"23w","cond":"used","body_type":"Sedan","trans":"manual","address":"MI","cost":21000,"mileage":199999,"other":"good car","user":{"id":32,"name":"mayyas","password":"$2a$04$U5A9zBbSgMUF/sY1YyFf6.1ZGf0h/j2Mf4R7xhRjXadwLPAHrAIGC","phone":"313-9898","address":"MI","email":"mayyas@yahoo.com"},"image":{"id":81,"url":"D:\\images\\cars\\82\\0x0 (1).jpg"},"users":[]}],[]]; TIM TAKEN=20
2023-03-09T22:52:04.207-05:00  INFO 12356 --- [http-nio-8080-exec-8] c.m.emarket.filterlogger.FilterLogger    : FINISHED PROCESSING : METHOD=GET; REQUESTURI=/emarket/getcarowner/82; REQUEST PAYLOAD=; RESPONSE CODE=200; RESPONSE={"id":32,"name":"mayyas","password":"$2a$04$U5A9zBbSgMUF/sY1YyFf6.1ZGf0h/j2Mf4R7xhRjXadwLPAHrAIGC","phone":"313-9898","address":"MI","email":"mayyas@yahoo.com"}; TIM TAKEN=7
2023-03-09T22:52:04.536-05:00  INFO 12356 --- [http-nio-8080-exec-9] c.m.emarket.filterlogger.FilterLogger    : FINISHED PROCESSING : METHOD=GET; REQUESTURI=/emarket/chechlikecar; REQUEST PAYLOAD=; RESPONSE CODE=200; RESPONSE=0; TIM TAKEN=13
2023-03-09T22:52:04.541-05:00  INFO 12356 --- [http-nio-8080-exec-2] c.m.emarket.filterlogger.FilterLogger    : FINISHED PROCESSING : METHOD=GET; REQUESTURI=/emarket/getimage/82/car; REQUEST PAYLOAD=; RESPONSE CODE=200; RESPONSE=this is image; TIM TAKEN=11
2023-03-09T22:52:04.543-05:00  INFO 12356 --- [http-nio-8080-exec-1] c.m.emarket.filterlogger.FilterLogger    : FINISHED PROCESSING : METHOD=GET; REQUESTURI=/emarket/getcarowner/82; REQUEST PAYLOAD=; RESPONSE CODE=200; RESPONSE={"id":32,"name":"mayyas","password":"$2a$04$U5A9zBbSgMUF/sY1YyFf6.1ZGf0h/j2Mf4R7xhRjXadwLPAHrAIGC","phone":"313-9898","address":"MI","email":"mayyas@yahoo.com"}; TIM TAKEN=6
2023-03-09T22:52:04.585-05:00  INFO 12356 --- [http-nio-8080-exec-10] c.m.emarket.filterlogger.FilterLogger    : FINISHED PROCESSING : METHOD=GET; REQUESTURI=/emarket/getcarowner/82; REQUEST PAYLOAD=; RESPONSE CODE=200; RESPONSE={"id":32,"name":"mayyas","password":"$2a$04$U5A9zBbSgMUF/sY1YyFf6.1ZGf0h/j2Mf4R7xhRjXadwLPAHrAIGC","phone":"313-9898","address":"MI","email":"mayyas@yahoo.com"}; TIM TAKEN=7
2023-03-09T22:52:04.622-05:00  INFO 12356 --- [http-nio-8080-exec-3] c.m.emarket.filterlogger.FilterLogger    : FINISHED PROCESSING : METHOD=GET; REQUESTURI=/emarket/getcarowner/82; REQUEST PAYLOAD=; RESPONSE CODE=200; RESPONSE={"id":32,"name":"mayyas","password":"$2a$04$U5A9zBbSgMUF/sY1YyFf6.1ZGf0h/j2Mf4R7xhRjXadwLPAHrAIGC","phone":"313-9898","address":"MI","email":"mayyas@yahoo.com"}; TIM TAKEN=10
2023-03-09T22:52:04.653-05:00  INFO 12356 --- [http-nio-8080-exec-5] c.m.emarket.filterlogger.FilterLogger    : FINISHED PROCESSING : METHOD=GET; REQUESTURI=/emarket/getcarowner/82; REQUEST PAYLOAD=; RESPONSE CODE=200; RESPONSE={"id":32,"name":"mayyas","password":"$2a$04$U5A9zBbSgMUF/sY1YyFf6.1ZGf0h/j2Mf4R7xhRjXadwLPAHrAIGC","phone":"313-9898","address":"MI","email":"mayyas@yahoo.com"}; TIM TAKEN=7
2023-03-09T22:52:04.931-05:00  INFO 12356 --- [http-nio-8080-exec-4] c.m.emarket.filterlogger.FilterLogger    : FINISHED PROCESSING : METHOD=GET; REQUESTURI=/emarket/getcarowner/82; REQUEST PAYLOAD=; RESPONSE CODE=200; RESPONSE={"id":32,"name":"mayyas","password":"$2a$04$U5A9zBbSgMUF/sY1YyFf6.1ZGf0h/j2Mf4R7xhRjXadwLPAHrAIGC","phone":"313-9898","address":"MI","email":"mayyas@yahoo.com"}; TIM TAKEN=8
2023-03-09T22:57:28.501-05:00  INFO 12356 --- [http-nio-8080-exec-6] c.m.emarket.filterlogger.FilterLogger    : FINISHED PROCESSING : METHOD=GET; REQUESTURI=/emarket/getcarowner/82; REQUEST PAYLOAD=; RESPONSE CODE=200; RESPONSE={"id":32,"name":"mayyas","password":"$2a$04$U5A9zBbSgMUF/sY1YyFf6.1ZGf0h/j2Mf4R7xhRjXadwLPAHrAIGC","phone":"313-9898","address":"MI","email":"mayyas@yahoo.com"}; TIM TAKEN=9
2023-03-09T22:57:28.688-05:00  INFO 12356 --- [http-nio-8080-exec-7] c.m.emarket.filterlogger.FilterLogger    : FINISHED PROCESSING : METHOD=GET; REQUESTURI=/emarket/getcarowner/82; REQUEST PAYLOAD=; RESPONSE CODE=200; RESPONSE={"id":32,"name":"mayyas","password":"$2a$04$U5A9zBbSgMUF/sY1YyFf6.1ZGf0h/j2Mf4R7xhRjXadwLPAHrAIGC","phone":"313-9898","address":"MI","email":"mayyas@yahoo.com"}; TIM TAKEN=5
2023-03-09T22:57:50.762-05:00  INFO 12356 --- [http-nio-8080-exec-8] c.m.emarket.filterlogger.FilterLogger    : FINISHED PROCESSING : METHOD=GET; REQUESTURI=/emarket/getcarowner/82; REQUEST PAYLOAD=; RESPONSE CODE=200; RESPONSE={"id":32,"name":"mayyas","password":"$2a$04$U5A9zBbSgMUF/sY1YyFf6.1ZGf0h/j2Mf4R7xhRjXadwLPAHrAIGC","phone":"313-9898","address":"MI","email":"mayyas@yahoo.com"}; TIM TAKEN=8
2023-03-09T22:57:50.962-05:00  INFO 12356 --- [http-nio-8080-exec-9] c.m.emarket.filterlogger.FilterLogger    : FINISHED PROCESSING : METHOD=GET; REQUESTURI=/emarket/getcarowner/82; REQUEST PAYLOAD=; RESPONSE CODE=200; RESPONSE={"id":32,"name":"mayyas","password":"$2a$04$U5A9zBbSgMUF/sY1YyFf6.1ZGf0h/j2Mf4R7xhRjXadwLPAHrAIGC","phone":"313-9898","address":"MI","email":"mayyas@yahoo.com"}; TIM TAKEN=7
2023-03-09T22:57:53.603-05:00  INFO 12356 --- [http-nio-8080-exec-2] c.m.emarket.filterlogger.FilterLogger    : FINISHED PROCESSING : METHOD=GET; REQUESTURI=/emarket/getcarowner/82; REQUEST PAYLOAD=; RESPONSE CODE=200; RESPONSE={"id":32,"name":"mayyas","password":"$2a$04$U5A9zBbSgMUF/sY1YyFf6.1ZGf0h/j2Mf4R7xhRjXadwLPAHrAIGC","phone":"313-9898","address":"MI","email":"mayyas@yahoo.com"}; TIM TAKEN=5
2023-03-09T22:57:53.949-05:00  INFO 12356 --- [http-nio-8080-exec-1] c.m.emarket.filterlogger.FilterLogger    : FINISHED PROCESSING : METHOD=GET; REQUESTURI=/emarket/getcarowner/82; REQUEST PAYLOAD=; RESPONSE CODE=200; RESPONSE={"id":32,"name":"mayyas","password":"$2a$04$U5A9zBbSgMUF/sY1YyFf6.1ZGf0h/j2Mf4R7xhRjXadwLPAHrAIGC","phone":"313-9898","address":"MI","email":"mayyas@yahoo.com"}; TIM TAKEN=11
2023-03-09T22:58:04.858-05:00  INFO 12356 --- [http-nio-8080-exec-10] c.m.emarket.filterlogger.FilterLogger    : FINISHED PROCESSING : METHOD=GET; REQUESTURI=/emarket/getcarowner/82; REQUEST PAYLOAD=; RESPONSE CODE=200; RESPONSE={"id":32,"name":"mayyas","password":"$2a$04$U5A9zBbSgMUF/sY1YyFf6.1ZGf0h/j2Mf4R7xhRjXadwLPAHrAIGC","phone":"313-9898","address":"MI","email":"mayyas@yahoo.com"}; TIM TAKEN=4
2023-03-09T22:58:05.126-05:00  INFO 12356 --- [http-nio-8080-exec-3] c.m.emarket.filterlogger.FilterLogger    : FINISHED PROCESSING : METHOD=GET; REQUESTURI=/emarket/getcarowner/82; REQUEST PAYLOAD=; RESPONSE CODE=200; RESPONSE={"id":32,"name":"mayyas","password":"$2a$04$U5A9zBbSgMUF/sY1YyFf6.1ZGf0h/j2Mf4R7xhRjXadwLPAHrAIGC","phone":"313-9898","address":"MI","email":"mayyas@yahoo.com"}; TIM TAKEN=6
2023-03-09T23:01:42.288-05:00  INFO 12356 --- [http-nio-8080-exec-5] c.m.emarket.filterlogger.FilterLogger    : FINISHED PROCESSING : METHOD=GET; REQUESTURI=/emarket/getcarowner/82; REQUEST PAYLOAD=; RESPONSE CODE=200; RESPONSE={"id":32,"name":"mayyas","password":"$2a$04$U5A9zBbSgMUF/sY1YyFf6.1ZGf0h/j2Mf4R7xhRjXadwLPAHrAIGC","phone":"313-9898","address":"MI","email":"mayyas@yahoo.com"}; TIM TAKEN=5
2023-03-09T23:01:42.496-05:00  INFO 12356 --- [http-nio-8080-exec-4] c.m.emarket.filterlogger.FilterLogger    : FINISHED PROCESSING : METHOD=GET; REQUESTURI=/emarket/getcarowner/82; REQUEST PAYLOAD=; RESPONSE CODE=200; RESPONSE={"id":32,"name":"mayyas","password":"$2a$04$U5A9zBbSgMUF/sY1YyFf6.1ZGf0h/j2Mf4R7xhRjXadwLPAHrAIGC","phone":"313-9898","address":"MI","email":"mayyas@yahoo.com"}; TIM TAKEN=5
2023-03-09T23:01:42.605-05:00  INFO 12356 --- [http-nio-8080-exec-6] c.m.emarket.filterlogger.FilterLogger    : FINISHED PROCESSING : METHOD=GET; REQUESTURI=/emarket/getcarowner/82; REQUEST PAYLOAD=; RESPONSE CODE=200; RESPONSE={"id":32,"name":"mayyas","password":"$2a$04$U5A9zBbSgMUF/sY1YyFf6.1ZGf0h/j2Mf4R7xhRjXadwLPAHrAIGC","phone":"313-9898","address":"MI","email":"mayyas@yahoo.com"}; TIM TAKEN=6
2023-03-09T23:01:42.641-05:00  INFO 12356 --- [http-nio-8080-exec-7] c.m.emarket.filterlogger.FilterLogger    : FINISHED PROCESSING : METHOD=GET; REQUESTURI=/emarket/getcarowner/82; REQUEST PAYLOAD=; RESPONSE CODE=200; RESPONSE={"id":32,"name":"mayyas","password":"$2a$04$U5A9zBbSgMUF/sY1YyFf6.1ZGf0h/j2Mf4R7xhRjXadwLPAHrAIGC","phone":"313-9898","address":"MI","email":"mayyas@yahoo.com"}; TIM TAKEN=7
2023-03-09T23:02:07.461-05:00  INFO 12356 --- [http-nio-8080-exec-8] c.m.emarket.filterlogger.FilterLogger    : FINISHED PROCESSING : METHOD=GET; REQUESTURI=/emarket/getid/eyJhbGciOiJIUzI1NiJ9.eyJzdWIiOiJtYXl5YXNAeWFob28uY29tIiwiaWF0IjoxNjc4NDIwMTgwLCJleHAiOjE2Nzg0MjE5ODB9.BPoa76L7r_cBycENPUCUGmrFM3wsVrO_4Td07lG3C8Q; REQUEST PAYLOAD=; RESPONSE CODE=200; RESPONSE={"id":"32"}; TIM TAKEN=7
2023-03-09T23:02:07.667-05:00  INFO 12356 --- [http-nio-8080-exec-9] c.m.e.c.MainEmarketRestController        : show mine list
2023-03-09T23:02:07.670-05:00  INFO 12356 --- [http-nio-8080-exec-9] c.m.emarket.filterlogger.FilterLogger    : FINISHED PROCESSING : METHOD=GET; REQUESTURI=/emarket/mine/32; REQUEST PAYLOAD=; RESPONSE CODE=200; RESPONSE=[[{"id":82,"make":"honda","model":"civic","year":2009,"trim":"23w","cond":"used","body_type":"Sedan","trans":"manual","address":"MI","cost":21000,"mileage":199999,"other":"good car","user":{"id":32,"name":"mayyas","password":"$2a$04$U5A9zBbSgMUF/sY1YyFf6.1ZGf0h/j2Mf4R7xhRjXadwLPAHrAIGC","phone":"313-9898","address":"MI","email":"mayyas@yahoo.com"},"image":{"id":81,"url":"D:\\images\\cars\\82\\0x0 (1).jpg"},"users":[]}],[]]; TIM TAKEN=12
2023-03-09T23:02:07.820-05:00  INFO 12356 --- [http-nio-8080-exec-2] c.m.emarket.filterlogger.FilterLogger    : FINISHED PROCESSING : METHOD=GET; REQUESTURI=/emarket/getcarowner/82; REQUEST PAYLOAD=; RESPONSE CODE=200; RESPONSE={"id":32,"name":"mayyas","password":"$2a$04$U5A9zBbSgMUF/sY1YyFf6.1ZGf0h/j2Mf4R7xhRjXadwLPAHrAIGC","phone":"313-9898","address":"MI","email":"mayyas@yahoo.com"}; TIM TAKEN=8
2023-03-09T23:02:08.031-05:00  INFO 12356 --- [http-nio-8080-exec-1] c.m.emarket.filterlogger.FilterLogger    : FINISHED PROCESSING : METHOD=GET; REQUESTURI=/emarket/getcarowner/82; REQUEST PAYLOAD=; RESPONSE CODE=200; RESPONSE={"id":32,"name":"mayyas","password":"$2a$04$U5A9zBbSgMUF/sY1YyFf6.1ZGf0h/j2Mf4R7xhRjXadwLPAHrAIGC","phone":"313-9898","address":"MI","email":"mayyas@yahoo.com"}; TIM TAKEN=7
2023-03-09T23:02:08.073-05:00  INFO 12356 --- [http-nio-8080-exec-10] c.m.emarket.filterlogger.FilterLogger    : FINISHED PROCESSING : METHOD=GET; REQUESTURI=/emarket/getcarowner/82; REQUEST PAYLOAD=; RESPONSE CODE=200; RESPONSE={"id":32,"name":"mayyas","password":"$2a$04$U5A9zBbSgMUF/sY1YyFf6.1ZGf0h/j2Mf4R7xhRjXadwLPAHrAIGC","phone":"313-9898","address":"MI","email":"mayyas@yahoo.com"}; TIM TAKEN=8
2023-03-09T23:02:08.116-05:00  INFO 12356 --- [http-nio-8080-exec-3] c.m.emarket.filterlogger.FilterLogger    : FINISHED PROCESSING : METHOD=GET; REQUESTURI=/emarket/getcarowner/82; REQUEST PAYLOAD=; RESPONSE CODE=200; RESPONSE={"id":32,"name":"mayyas","password":"$2a$04$U5A9zBbSgMUF/sY1YyFf6.1ZGf0h/j2Mf4R7xhRjXadwLPAHrAIGC","phone":"313-9898","address":"MI","email":"mayyas@yahoo.com"}; TIM TAKEN=5
2023-03-09T23:02:22.399-05:00  INFO 12356 --- [http-nio-8080-exec-5] c.m.emarket.filterlogger.FilterLogger    : FINISHED PROCESSING : METHOD=GET; REQUESTURI=/emarket/getid/eyJhbGciOiJIUzI1NiJ9.eyJzdWIiOiJtYXl5YXNAeWFob28uY29tIiwiaWF0IjoxNjc4NDIwMTgwLCJleHAiOjE2Nzg0MjE5ODB9.BPoa76L7r_cBycENPUCUGmrFM3wsVrO_4Td07lG3C8Q; REQUEST PAYLOAD=; RESPONSE CODE=200; RESPONSE={"id":"32"}; TIM TAKEN=7
2023-03-09T23:02:22.450-05:00  INFO 12356 --- [http-nio-8080-exec-4] c.m.e.c.MainEmarketRestController        : show mine list
2023-03-09T23:02:22.453-05:00  INFO 12356 --- [http-nio-8080-exec-4] c.m.emarket.filterlogger.FilterLogger    : FINISHED PROCESSING : METHOD=GET; REQUESTURI=/emarket/mine/32; REQUEST PAYLOAD=; RESPONSE CODE=200; RESPONSE=[[{"id":82,"make":"honda","model":"civic","year":2009,"trim":"23w","cond":"used","body_type":"Sedan","trans":"manual","address":"MI","cost":21000,"mileage":199999,"other":"good car","user":{"id":32,"name":"mayyas","password":"$2a$04$U5A9zBbSgMUF/sY1YyFf6.1ZGf0h/j2Mf4R7xhRjXadwLPAHrAIGC","phone":"313-9898","address":"MI","email":"mayyas@yahoo.com"},"image":{"id":81,"url":"D:\\images\\cars\\82\\0x0 (1).jpg"},"users":[]}],[]]; TIM TAKEN=11
2023-03-09T23:02:22.495-05:00  INFO 12356 --- [http-nio-8080-exec-6] c.m.emarket.filterlogger.FilterLogger    : FINISHED PROCESSING : METHOD=GET; REQUESTURI=/emarket/getcarowner/82; REQUEST PAYLOAD=; RESPONSE CODE=200; RESPONSE={"id":32,"name":"mayyas","password":"$2a$04$U5A9zBbSgMUF/sY1YyFf6.1ZGf0h/j2Mf4R7xhRjXadwLPAHrAIGC","phone":"313-9898","address":"MI","email":"mayyas@yahoo.com"}; TIM TAKEN=4
2023-03-09T23:02:22.824-05:00  INFO 12356 --- [http-nio-8080-exec-7] c.m.emarket.filterlogger.FilterLogger    : FINISHED PROCESSING : METHOD=GET; REQUESTURI=/emarket/getcarowner/82; REQUEST PAYLOAD=; RESPONSE CODE=200; RESPONSE={"id":32,"name":"mayyas","password":"$2a$04$U5A9zBbSgMUF/sY1YyFf6.1ZGf0h/j2Mf4R7xhRjXadwLPAHrAIGC","phone":"313-9898","address":"MI","email":"mayyas@yahoo.com"}; TIM TAKEN=6
2023-03-09T23:02:22.856-05:00  INFO 12356 --- [http-nio-8080-exec-8] c.m.emarket.filterlogger.FilterLogger    : FINISHED PROCESSING : METHOD=GET; REQUESTURI=/emarket/getcarowner/82; REQUEST PAYLOAD=; RESPONSE CODE=200; RESPONSE={"id":32,"name":"mayyas","password":"$2a$04$U5A9zBbSgMUF/sY1YyFf6.1ZGf0h/j2Mf4R7xhRjXadwLPAHrAIGC","phone":"313-9898","address":"MI","email":"mayyas@yahoo.com"}; TIM TAKEN=6
2023-03-09T23:02:22.887-05:00  INFO 12356 --- [http-nio-8080-exec-9] c.m.emarket.filterlogger.FilterLogger    : FINISHED PROCESSING : METHOD=GET; REQUESTURI=/emarket/getcarowner/82; REQUEST PAYLOAD=; RESPONSE CODE=200; RESPONSE={"id":32,"name":"mayyas","password":"$2a$04$U5A9zBbSgMUF/sY1YyFf6.1ZGf0h/j2Mf4R7xhRjXadwLPAHrAIGC","phone":"313-9898","address":"MI","email":"mayyas@yahoo.com"}; TIM TAKEN=5
2023-03-09T23:15:12.551-05:00  INFO 12356 --- [http-nio-8080-exec-2] c.m.emarket.filterlogger.FilterLogger    : FINISHED PROCESSING : METHOD=GET; REQUESTURI=/emarket/getid/eyJhbGciOiJIUzI1NiJ9.eyJzdWIiOiJtYXl5YXNAeWFob28uY29tIiwiaWF0IjoxNjc4NDIwMTgwLCJleHAiOjE2Nzg0MjE5ODB9.BPoa76L7r_cBycENPUCUGmrFM3wsVrO_4Td07lG3C8Q; REQUEST PAYLOAD=; RESPONSE CODE=200; RESPONSE={"id":"32"}; TIM TAKEN=12
2023-03-09T23:15:12.782-05:00  INFO 12356 --- [http-nio-8080-exec-1] c.m.e.c.MainEmarketRestController        : show mine list
2023-03-09T23:15:12.786-05:00  INFO 12356 --- [http-nio-8080-exec-1] c.m.emarket.filterlogger.FilterLogger    : FINISHED PROCESSING : METHOD=GET; REQUESTURI=/emarket/mine/32; REQUEST PAYLOAD=; RESPONSE CODE=200; RESPONSE=[[{"id":82,"make":"honda","model":"civic","year":2009,"trim":"23w","cond":"used","body_type":"Sedan","trans":"manual","address":"MI","cost":21000,"mileage":199999,"other":"good car","user":{"id":32,"name":"mayyas","password":"$2a$04$U5A9zBbSgMUF/sY1YyFf6.1ZGf0h/j2Mf4R7xhRjXadwLPAHrAIGC","phone":"313-9898","address":"MI","email":"mayyas@yahoo.com"},"image":{"id":81,"url":"D:\\images\\cars\\82\\0x0 (1).jpg"},"users":[]}],[]]; TIM TAKEN=18
2023-03-09T23:15:12.916-05:00  INFO 12356 --- [http-nio-8080-exec-10] c.m.emarket.filterlogger.FilterLogger    : FINISHED PROCESSING : METHOD=GET; REQUESTURI=/emarket/getimage/82/car; REQUEST PAYLOAD=; RESPONSE CODE=200; RESPONSE=this is image; TIM TAKEN=5
2023-03-09T23:15:13.177-05:00  INFO 12356 --- [http-nio-8080-exec-3] c.m.emarket.filterlogger.FilterLogger    : FINISHED PROCESSING : METHOD=GET; REQUESTURI=/emarket/getcarowner/82; REQUEST PAYLOAD=; RESPONSE CODE=200; RESPONSE={"id":32,"name":"mayyas","password":"$2a$04$U5A9zBbSgMUF/sY1YyFf6.1ZGf0h/j2Mf4R7xhRjXadwLPAHrAIGC","phone":"313-9898","address":"MI","email":"mayyas@yahoo.com"}; TIM TAKEN=5
2023-03-09T23:15:13.177-05:00  INFO 12356 --- [http-nio-8080-exec-5] c.m.emarket.filterlogger.FilterLogger    : FINISHED PROCESSING : METHOD=GET; REQUESTURI=/emarket/chechlikecar; REQUEST PAYLOAD=; RESPONSE CODE=200; RESPONSE=0; TIM TAKEN=5
2023-03-09T23:15:57.855-05:00  INFO 12356 --- [http-nio-8080-exec-4] c.m.e.c.MainEmarketRestController        : search car
2023-03-09T23:15:57.877-05:00  INFO 12356 --- [http-nio-8080-exec-4] c.m.emarket.filterlogger.FilterLogger    : FINISHED PROCESSING : METHOD=POST; REQUESTURI=/emarket/searchcar; REQUEST PAYLOAD={"make":"bm","cond":"","body_type":"","year_min":"1","cost_min":"1","mileage_min":"1","year_max":"1000000","cost_max":"1000000","mileage_max":"1000000"}; RESPONSE CODE=200; RESPONSE=[{"id":31,"make":"bmw","model":"x500","year":1998,"trim":"213","cond":"used","body_type":"Hatchback","trans":"manual","address":"MI dearborn","cost":120000,"mileage":159998,"other":"nice and good car","user":{"id":2,"name":"mss","password":"$2a$04$4F9cpdWTckmsJTl/v2PVD.suhkrjGG4HOvwAj2zy3P7Mvfww5TYIW","phone":"545-57857887","address":"TX Huston","email":"mss@yahoo.com"},"image":{"id":4,"url":"D:\\images\\cars\\31\\2022-corvette-3lt-gkz-colorizer.jpg"},"users":[]},{"id":32,"make":"bmw","model":"x6","year":2020,"trim":"Z11","cond":"used","body_type":"Hatchback","trans":"auto","address":"OH","cost":12000,"mileage":14999,"other":"good car","user":{"id":1,"name":"fas","password":"$2a$04$cTsnp9rCkKhFng0540u7VODwmYGaCAvM4K/AQ8SbmE/jhtqSclV9S","phone":"313-75785678","address":"MI","email":"fas@yahoo.com"},"image":{"id":5,"url":"x"},"users":[]}]; TIM TAKEN=24
2023-03-09T23:15:58.114-05:00  INFO 12356 --- [http-nio-8080-exec-6] c.m.emarket.filterlogger.FilterLogger    : FINISHED PROCESSING : METHOD=GET; REQUESTURI=/emarket/getimage/31/car; REQUEST PAYLOAD=; RESPONSE CODE=200; RESPONSE=this is image; TIM TAKEN=7
2023-03-09T23:15:58.235-05:00  INFO 12356 --- [http-nio-8080-exec-8] c.m.emarket.filterlogger.FilterLogger    : FINISHED PROCESSING : METHOD=GET; REQUESTURI=/emarket/getcarowner/31; REQUEST PAYLOAD=; RESPONSE CODE=200; RESPONSE={"id":2,"name":"mss","password":"$2a$04$4F9cpdWTckmsJTl/v2PVD.suhkrjGG4HOvwAj2zy3P7Mvfww5TYIW","phone":"545-57857887","address":"TX Huston","email":"mss@yahoo.com"}; TIM TAKEN=5
2023-03-09T23:15:58.237-05:00  INFO 12356 --- [http-nio-8080-exec-7] c.m.emarket.filterlogger.FilterLogger    : FINISHED PROCESSING : METHOD=GET; REQUESTURI=/emarket/chechlikecar; REQUEST PAYLOAD=; RESPONSE CODE=200; RESPONSE=0; TIM TAKEN=7
2023-03-09T23:15:58.244-05:00  INFO 12356 --- [http-nio-8080-exec-2] c.m.emarket.filterlogger.FilterLogger    : FINISHED PROCESSING : METHOD=GET; REQUESTURI=/emarket/getcarowner/32; REQUEST PAYLOAD=; RESPONSE CODE=200; RESPONSE={"id":1,"name":"fas","password":"$2a$04$cTsnp9rCkKhFng0540u7VODwmYGaCAvM4K/AQ8SbmE/jhtqSclV9S","phone":"313-75785678","address":"MI","email":"fas@yahoo.com"}; TIM TAKEN=14
2023-03-09T23:15:58.258-05:00  INFO 12356 --- [http-nio-8080-exec-1] c.m.emarket.filterlogger.FilterLogger    : FINISHED PROCESSING : METHOD=GET; REQUESTURI=/emarket/getimage/32/car; REQUEST PAYLOAD=; RESPONSE CODE=200; RESPONSE=; TIM TAKEN=9
2023-03-09T23:15:58.260-05:00  INFO 12356 --- [http-nio-8080-exec-9] c.m.emarket.filterlogger.FilterLogger    : FINISHED PROCESSING : METHOD=GET; REQUESTURI=/emarket/chechlikecar; REQUEST PAYLOAD=; RESPONSE CODE=200; RESPONSE=0; TIM TAKEN=12
2023-03-09T23:21:39.367-05:00  WARN 12356 --- [http-nio-8080-exec-10] c.m.e.c.ValidationExceptionController    : Exception : JWT expired at 2023-03-10T04:19:40Z. Current time: 2023-03-10T04:21:39Z, a difference of 119365 milliseconds.  Allowed clock skew: 0 milliseconds.
2023-03-09T23:21:39.369-05:00  INFO 12356 --- [http-nio-8080-exec-10] c.m.emarket.filterlogger.FilterLogger    : FINISHED PROCESSING : METHOD=GET; REQUESTURI=/emarket/getid/eyJhbGciOiJIUzI1NiJ9.eyJzdWIiOiJtYXl5YXNAeWFob28uY29tIiwiaWF0IjoxNjc4NDIwMTgwLCJleHAiOjE2Nzg0MjE5ODB9.BPoa76L7r_cBycENPUCUGmrFM3wsVrO_4Td07lG3C8Q; REQUEST PAYLOAD=; RESPONSE CODE=501; RESPONSE={"Exception":"JWT expired at 2023-03-10T04:19:40Z. Current time: 2023-03-10T04:21:39Z, a difference of 119365 milliseconds.  Allowed clock skew: 0 milliseconds."}; TIM TAKEN=6
2023-03-09T23:22:31.471-05:00 DEBUG 12356 --- [http-nio-8080-exec-3] com.mayyas.emarket.security.JWTService   : token created
2023-03-09T23:22:31.473-05:00  INFO 12356 --- [http-nio-8080-exec-3] c.m.emarket.filterlogger.FilterLogger    : FINISHED PROCESSING : METHOD=POST; REQUESTURI=/emarket/signin; REQUEST PAYLOAD={"email":"mayyas@yahoo.com","password":"8888"}; RESPONSE CODE=200; RESPONSE={"id":"32","token":"eyJhbGciOiJIUzI1NiJ9.eyJzdWIiOiJtYXl5YXNAeWFob28uY29tIiwiaWF0IjoxNjc4NDIyMTUxLCJleHAiOjE2Nzg0MjM5NTF9.PqrRb1Wy-FR6Tq1rbJTRAMmOO9CxsfIRQqjZ2EK5ExM"}; TIM TAKEN=17
2023-03-09T23:22:31.749-05:00  INFO 12356 --- [http-nio-8080-exec-5] c.m.e.c.MainEmarketRestController        : show mine list
2023-03-09T23:22:31.752-05:00  INFO 12356 --- [http-nio-8080-exec-5] c.m.emarket.filterlogger.FilterLogger    : FINISHED PROCESSING : METHOD=GET; REQUESTURI=/emarket/mine/32; REQUEST PAYLOAD=; RESPONSE CODE=200; RESPONSE=[[{"id":82,"make":"honda","model":"civic","year":2009,"trim":"23w","cond":"used","body_type":"Sedan","trans":"manual","address":"MI","cost":21000,"mileage":199999,"other":"good car","user":{"id":32,"name":"mayyas","password":"$2a$04$U5A9zBbSgMUF/sY1YyFf6.1ZGf0h/j2Mf4R7xhRjXadwLPAHrAIGC","phone":"313-9898","address":"MI","email":"mayyas@yahoo.com"},"image":{"id":81,"url":"D:\\images\\cars\\82\\0x0 (1).jpg"},"users":[]}],[]]; TIM TAKEN=14
2023-03-09T23:22:31.855-05:00  INFO 12356 --- [http-nio-8080-exec-6] c.m.emarket.filterlogger.FilterLogger    : FINISHED PROCESSING : METHOD=GET; REQUESTURI=/emarket/chechlikecar; REQUEST PAYLOAD=; RESPONSE CODE=200; RESPONSE=0; TIM TAKEN=6
2023-03-09T23:22:31.860-05:00  INFO 12356 --- [http-nio-8080-exec-4] c.m.emarket.filterlogger.FilterLogger    : FINISHED PROCESSING : METHOD=GET; REQUESTURI=/emarket/getimage/82/car; REQUEST PAYLOAD=; RESPONSE CODE=200; RESPONSE=this is image; TIM TAKEN=7
2023-03-09T23:22:32.118-05:00  INFO 12356 --- [http-nio-8080-exec-8] c.m.emarket.filterlogger.FilterLogger    : FINISHED PROCESSING : METHOD=GET; REQUESTURI=/emarket/getcarowner/82; REQUEST PAYLOAD=; RESPONSE CODE=200; RESPONSE={"id":32,"name":"mayyas","password":"$2a$04$U5A9zBbSgMUF/sY1YyFf6.1ZGf0h/j2Mf4R7xhRjXadwLPAHrAIGC","phone":"313-9898","address":"MI","email":"mayyas@yahoo.com"}; TIM TAKEN=7
2023-03-09T23:22:51.734-05:00  INFO 12356 --- [http-nio-8080-exec-7] c.m.e.c.MainEmarketRestController        : search house
2023-03-09T23:22:51.749-05:00  INFO 12356 --- [http-nio-8080-exec-7] c.m.emarket.filterlogger.FilterLogger    : FINISHED PROCESSING : METHOD=POST; REQUESTURI=/emarket/searchhouse; REQUEST PAYLOAD={"state":"TX","city":"da","fo":"sale","area":"1","baths":"1","beds":"1","cost_min":"1","cost_max":"1000000"}; RESPONSE CODE=200; RESPONSE=[{"id":1,"bn":"42135","state":"TX","city":"dallas","street":"Fairview","zip":"4152","area":1100,"bed":3,"cost":100000,"bath":2,"other":"good house","fo":"sale","user":{"id":1,"name":"fas","password":"$2a$04$cTsnp9rCkKhFng0540u7VODwmYGaCAvM4K/AQ8SbmE/jhtqSclV9S","phone":"313-75785678","address":"MI","email":"fas@yahoo.com"},"image":{"id":7,"url":"x"},"users":[{"id":1,"name":"fas","password":"$2a$04$cTsnp9rCkKhFng0540u7VODwmYGaCAvM4K/AQ8SbmE/jhtqSclV9S","phone":"313-75785678","address":"MI","email":"fas@yahoo.com"}]},{"id":2,"bn":"123123","state":"TX","city":"dallas","street":"fairview","zip":"2345","area":1201,"bed":3,"cost":160000,"bath":2,"other":"nice house","fo":"sale","user":{"id":2,"name":"mss","password":"$2a$04$4F9cpdWTckmsJTl/v2PVD.suhkrjGG4HOvwAj2zy3P7Mvfww5TYIW","phone":"545-57857887","address":"TX Huston","email":"mss@yahoo.com"},"image":{"id":8,"url":"D:\\images\\houses\\2\\44207-b600.jpg"},"users":[{"id":1,"name":"fas","password":"$2a$04$cTsnp9rCkKhFng0540u7VODwmYGaCAvM4K/AQ8SbmE/jhtqSclV9S","phone":"313-75785678","address":"MI","email":"fas@yahoo.com"}]}]; TIM TAKEN=16
2023-03-09T23:22:52.012-05:00  INFO 12356 --- [http-nio-8080-exec-2] c.m.emarket.filterlogger.FilterLogger    : FINISHED PROCESSING : METHOD=GET; REQUESTURI=/emarket/getimage/1/house; REQUEST PAYLOAD=; RESPONSE CODE=200; RESPONSE=; TIM TAKEN=8
2023-03-09T23:22:52.120-05:00  INFO 12356 --- [http-nio-8080-exec-5] c.m.emarket.filterlogger.FilterLogger    : FINISHED PROCESSING : METHOD=GET; REQUESTURI=/emarket/gethouseowner/1; REQUEST PAYLOAD=; RESPONSE CODE=200; RESPONSE={"id":1,"name":"fas","password":"$2a$04$cTsnp9rCkKhFng0540u7VODwmYGaCAvM4K/AQ8SbmE/jhtqSclV9S","phone":"313-75785678","address":"MI","email":"fas@yahoo.com"}; TIM TAKEN=7
2023-03-09T23:22:52.123-05:00  INFO 12356 --- [http-nio-8080-exec-10] c.m.emarket.filterlogger.FilterLogger    : FINISHED PROCESSING : METHOD=GET; REQUESTURI=/emarket/gethouseowner/2; REQUEST PAYLOAD=; RESPONSE CODE=200; RESPONSE={"id":2,"name":"mss","password":"$2a$04$4F9cpdWTckmsJTl/v2PVD.suhkrjGG4HOvwAj2zy3P7Mvfww5TYIW","phone":"545-57857887","address":"TX Huston","email":"mss@yahoo.com"}; TIM TAKEN=4
2023-03-09T23:22:52.137-05:00  INFO 12356 --- [http-nio-8080-exec-3] c.m.emarket.filterlogger.FilterLogger    : FINISHED PROCESSING : METHOD=GET; REQUESTURI=/emarket/chechlikehouse; REQUEST PAYLOAD=; RESPONSE CODE=200; RESPONSE=0; TIM TAKEN=8
2023-03-09T23:22:52.137-05:00  INFO 12356 --- [http-nio-8080-exec-1] c.m.emarket.filterlogger.FilterLogger    : FINISHED PROCESSING : METHOD=GET; REQUESTURI=/emarket/chechlikehouse; REQUEST PAYLOAD=; RESPONSE CODE=200; RESPONSE=0; TIM TAKEN=11
2023-03-09T23:22:52.140-05:00  INFO 12356 --- [http-nio-8080-exec-9] c.m.emarket.filterlogger.FilterLogger    : FINISHED PROCESSING : METHOD=GET; REQUESTURI=/emarket/getimage/2/house; REQUEST PAYLOAD=; RESPONSE CODE=200; RESPONSE=this is image; TIM TAKEN=7
2023-03-09T23:23:51.199-05:00  INFO 12356 --- [RMI TCP Connection(44)-127.0.0.1] inMXBeanRegistrar$SpringApplicationAdmin : Application shutdown requested.
2023-03-09T23:23:51.228-05:00  INFO 12356 --- [RMI TCP Connection(44)-127.0.0.1] o.apache.catalina.core.StandardService   : Stopping service [Tomcat]
2023-03-09T23:23:51.231-05:00  INFO 12356 --- [RMI TCP Connection(44)-127.0.0.1] o.a.c.c.C.[Tomcat].[localhost].[/]       : Destroying Spring FrameworkServlet 'dispatcherServlet'
2023-03-09T23:23:51.235-05:00  WARN 12356 --- [RMI TCP Connection(44)-127.0.0.1] o.a.c.loader.WebappClassLoaderBase       : The web application [ROOT] appears to have started a thread named [HikariPool-1 housekeeper] but has failed to stop it. This is very likely to create a memory leak. Stack trace of thread:
 java.base@17.0.5/jdk.internal.misc.Unsafe.park(Native Method)
 java.base@17.0.5/java.util.concurrent.locks.LockSupport.parkNanos(LockSupport.java:252)
 java.base@17.0.5/java.util.concurrent.locks.AbstractQueuedSynchronizer$ConditionObject.awaitNanos(AbstractQueuedSynchronizer.java:1672)
 java.base@17.0.5/java.util.concurrent.ScheduledThreadPoolExecutor$DelayedWorkQueue.take(ScheduledThreadPoolExecutor.java:1182)
 java.base@17.0.5/java.util.concurrent.ScheduledThreadPoolExecutor$DelayedWorkQueue.take(ScheduledThreadPoolExecutor.java:899)
 java.base@17.0.5/java.util.concurrent.ThreadPoolExecutor.getTask(ThreadPoolExecutor.java:1062)
 java.base@17.0.5/java.util.concurrent.ThreadPoolExecutor.runWorker(ThreadPoolExecutor.java:1122)
 java.base@17.0.5/java.util.concurrent.ThreadPoolExecutor$Worker.run(ThreadPoolExecutor.java:635)
 java.base@17.0.5/java.lang.Thread.run(Thread.java:833)
2023-03-09T23:23:51.246-05:00  INFO 12356 --- [RMI TCP Connection(44)-127.0.0.1] j.LocalContainerEntityManagerFactoryBean : Closing JPA EntityManagerFactory for persistence unit 'default'
2023-03-09T23:23:51.250-05:00  INFO 12356 --- [RMI TCP Connection(44)-127.0.0.1] com.zaxxer.hikari.HikariDataSource       : HikariPool-1 - Shutdown initiated...
2023-03-09T23:23:51.259-05:00  INFO 12356 --- [RMI TCP Connection(44)-127.0.0.1] com.zaxxer.hikari.HikariDataSource       : HikariPool-1 - Shutdown completed.
